{"C:\\Users\\melis\\Desktop\\vkTest\\src\\main.tsx": {"path":"C:\\Users\\melis\\Desktop\\vkTest\\src\\main.tsx","statementMap":{"0":{"start":{"line":1,"column":0},"end":{"line":1,"column":34}},"1":{"start":{"line":2,"column":0},"end":{"line":2,"column":45}},"2":{"start":{"line":3,"column":0},"end":{"line":3,"column":20}},"3":{"start":{"line":4,"column":0},"end":{"line":4,"column":43}},"4":{"start":{"line":6,"column":0},"end":{"line":10,"column":null}}},"fnMap":{},"branchMap":{},"s":{"0":0,"1":0,"2":0,"3":0,"4":0},"f":{},"b":{}}
,"C:\\Users\\melis\\Desktop\\vkTest\\src\\vite-env.d.ts": {"path":"C:\\Users\\melis\\Desktop\\vkTest\\src\\vite-env.d.ts","statementMap":{},"fnMap":{},"branchMap":{},"s":{},"f":{},"b":{}}
,"C:\\Users\\melis\\Desktop\\vkTest\\src\\components\\app\\App.tsx": {"path":"C:\\Users\\melis\\Desktop\\vkTest\\src\\components\\app\\App.tsx","statementMap":{"0":{"start":{"line":1,"column":0},"end":{"line":1,"column":61}},"1":{"start":{"line":2,"column":0},"end":{"line":2,"column":64}},"2":{"start":{"line":3,"column":0},"end":{"line":3,"column":46}},"3":{"start":{"line":4,"column":0},"end":{"line":4,"column":38}},"4":{"start":{"line":6,"column":22},"end":{"line":15,"column":1}},"5":{"start":{"line":7,"column":2},"end":{"line":14,"column":4}},"6":{"start":{"line":16,"column":0},"end":{"line":16,"column":19}}},"fnMap":{"0":{"name":"(anonymous_1)","decl":{"start":{"line":6,"column":22},"end":{"line":6,"column":25}},"loc":{"start":{"line":6,"column":27},"end":{"line":15,"column":1}}}},"branchMap":{},"s":{"0":0,"1":0,"2":0,"3":0,"4":0,"5":0,"6":0},"f":{"0":0},"b":{}}
,"C:\\Users\\melis\\Desktop\\vkTest\\src\\components\\filterSelect\\FilterSelect.tsx": {"path":"C:\\Users\\melis\\Desktop\\vkTest\\src\\components\\filterSelect\\FilterSelect.tsx","statementMap":{"0":{"start":{"line":1,"column":0},"end":{"line":1,"column":30}},"1":{"start":{"line":2,"column":0},"end":{"line":2,"column":57}},"2":{"start":{"line":3,"column":0},"end":{"line":3,"column":47}},"3":{"start":{"line":5,"column":38},"end":{"line":33,"column":1}},"4":{"start":{"line":8,"column":6},"end":{"line":8,"column":17}},"5":{"start":{"line":10,"column":23},"end":{"line":15,"column":3}},"6":{"start":{"line":11,"column":28},"end":{"line":11,"column":44}},"7":{"start":{"line":12,"column":4},"end":{"line":12,"column":22}},"8":{"start":{"line":13,"column":4},"end":{"line":13,"column":20}},"9":{"start":{"line":14,"column":4},"end":{"line":14,"column":15}},"10":{"start":{"line":17,"column":2},"end":{"line":32,"column":4}},"11":{"start":{"line":22,"column":29},"end":{"line":22,"column":48}},"12":{"start":{"line":5,"column":13},"end":{"line":5,"column":38}}},"fnMap":{"0":{"name":"(anonymous_1)","decl":{"start":{"line":5,"column":38},"end":{"line":5,"column":41}},"loc":{"start":{"line":5,"column":43},"end":{"line":33,"column":1}}},"1":{"name":"(anonymous_2)","decl":{"start":{"line":10,"column":23},"end":{"line":10,"column":24}},"loc":{"start":{"line":10,"column":41},"end":{"line":15,"column":3}}},"2":{"name":"(anonymous_3)","decl":{"start":{"line":22,"column":18},"end":{"line":22,"column":19}},"loc":{"start":{"line":22,"column":29},"end":{"line":22,"column":48}}}},"branchMap":{},"s":{"0":1,"1":1,"2":1,"3":1,"4":8,"5":8,"6":0,"7":0,"8":0,"9":0,"10":8,"11":0,"12":1},"f":{"0":8,"1":0,"2":0},"b":{}}
,"C:\\Users\\melis\\Desktop\\vkTest\\src\\components\\modal\\Modal.tsx": {"path":"C:\\Users\\melis\\Desktop\\vkTest\\src\\components\\modal\\Modal.tsx","statementMap":{"0":{"start":{"line":1,"column":0},"end":{"line":1,"column":33}},"1":{"start":{"line":2,"column":0},"end":{"line":2,"column":40}},"2":{"start":{"line":3,"column":0},"end":{"line":3,"column":41}},"3":{"start":{"line":10,"column":18},"end":{"line":10,"column":51}},"4":{"start":{"line":12,"column":13},"end":{"line":20,"column":3}},"5":{"start":{"line":13,"column":2},"end":{"line":19,"column":4}}},"fnMap":{"0":{"name":"(anonymous_1)","decl":{"start":{"line":12,"column":42},"end":{"line":12,"column":43}},"loc":{"start":{"line":12,"column":68},"end":{"line":20,"column":1}}}},"branchMap":{},"s":{"0":0,"1":0,"2":0,"3":0,"4":0,"5":0},"f":{"0":0},"b":{}}
,"C:\\Users\\melis\\Desktop\\vkTest\\src\\components\\repoForm\\RepoForm.tsx": {"path":"C:\\Users\\melis\\Desktop\\vkTest\\src\\components\\repoForm\\RepoForm.tsx","statementMap":{"0":{"start":{"line":1,"column":0},"end":{"line":1,"column":43}},"1":{"start":{"line":2,"column":0},"end":{"line":2,"column":43}},"2":{"start":{"line":3,"column":0},"end":{"line":3,"column":57}},"3":{"start":{"line":5,"column":0},"end":{"line":5,"column":43}},"4":{"start":{"line":11,"column":13},"end":{"line":66,"column":2}},"5":{"start":{"line":15,"column":8},"end":{"line":15,"column":19}},"6":{"start":{"line":17,"column":19},"end":{"line":17,"column":33}},"7":{"start":{"line":19,"column":21},"end":{"line":26,"column":5}},"8":{"start":{"line":24,"column":6},"end":{"line":24,"column":45}},"9":{"start":{"line":25,"column":6},"end":{"line":25,"column":16}},"10":{"start":{"line":28,"column":4},"end":{"line":64,"column":6}}},"fnMap":{"0":{"name":"(anonymous_1)","decl":{"start":{"line":12,"column":2},"end":{"line":12,"column":3}},"loc":{"start":{"line":12,"column":24},"end":{"line":65,"column":3}}},"1":{"name":"(anonymous_2)","decl":{"start":{"line":19,"column":21},"end":{"line":19,"column":22}},"loc":{"start":{"line":23,"column":9},"end":{"line":26,"column":5}}}},"branchMap":{},"s":{"0":1,"1":1,"2":1,"3":1,"4":1,"5":2,"6":2,"7":2,"8":0,"9":0,"10":2},"f":{"0":2,"1":0},"b":{}}
,"C:\\Users\\melis\\Desktop\\vkTest\\src\\components\\reposList\\RepositoriesList.tsx": {"path":"C:\\Users\\melis\\Desktop\\vkTest\\src\\components\\reposList\\RepositoriesList.tsx","statementMap":{"0":{"start":{"line":1,"column":0},"end":{"line":1,"column":59}},"1":{"start":{"line":2,"column":0},"end":{"line":2,"column":43}},"2":{"start":{"line":3,"column":0},"end":{"line":3,"column":57}},"3":{"start":{"line":4,"column":0},"end":{"line":4,"column":66}},"4":{"start":{"line":5,"column":0},"end":{"line":5,"column":39}},"5":{"start":{"line":6,"column":0},"end":{"line":6,"column":48}},"6":{"start":{"line":8,"column":0},"end":{"line":8,"column":36}},"7":{"start":{"line":9,"column":0},"end":{"line":9,"column":51}},"8":{"start":{"line":10,"column":0},"end":{"line":10,"column":60}},"9":{"start":{"line":12,"column":35},"end":{"line":117,"column":2}},"10":{"start":{"line":25,"column":6},"end":{"line":25,"column":17}},"11":{"start":{"line":27,"column":32},"end":{"line":27,"column":47}},"12":{"start":{"line":28,"column":40},"end":{"line":28,"column":73}},"13":{"start":{"line":30,"column":26},"end":{"line":33,"column":3}},"14":{"start":{"line":31,"column":4},"end":{"line":31,"column":25}},"15":{"start":{"line":32,"column":4},"end":{"line":32,"column":21}},"16":{"start":{"line":35,"column":27},"end":{"line":38,"column":3}},"17":{"start":{"line":36,"column":4},"end":{"line":36,"column":22}},"18":{"start":{"line":37,"column":4},"end":{"line":37,"column":25}},"19":{"start":{"line":40,"column":20},"end":{"line":40,"column":55}},"20":{"start":{"line":42,"column":2},"end":{"line":44,"column":45}},"21":{"start":{"line":43,"column":4},"end":{"line":43,"column":22}},"22":{"start":{"line":46,"column":2},"end":{"line":73,"column":75}},"23":{"start":{"line":47,"column":27},"end":{"line":53,"column":5}},"24":{"start":{"line":48,"column":21},"end":{"line":48,"column":31}},"25":{"start":{"line":49,"column":6},"end":{"line":52,"column":7}},"26":{"start":{"line":50,"column":8},"end":{"line":50,"column":26}},"27":{"start":{"line":51,"column":8},"end":{"line":51,"column":26}},"28":{"start":{"line":55,"column":20},"end":{"line":59,"column":6}},"29":{"start":{"line":61,"column":21},"end":{"line":61,"column":70}},"30":{"start":{"line":62,"column":29},"end":{"line":62,"column":46}},"31":{"start":{"line":64,"column":4},"end":{"line":66,"column":5}},"32":{"start":{"line":65,"column":6},"end":{"line":65,"column":41}},"33":{"start":{"line":68,"column":4},"end":{"line":72,"column":6}},"34":{"start":{"line":69,"column":6},"end":{"line":71,"column":7}},"35":{"start":{"line":70,"column":8},"end":{"line":70,"column":45}},"36":{"start":{"line":75,"column":2},"end":{"line":116,"column":4}},"37":{"start":{"line":80,"column":10},"end":{"line":80,"column":null}},"38":{"start":{"line":85,"column":31},"end":{"line":85,"column":52}},"39":{"start":{"line":95,"column":31},"end":{"line":95,"column":60}},"40":{"start":{"line":119,"column":0},"end":{"line":119,"column":32}}},"fnMap":{"0":{"name":"(anonymous_1)","decl":{"start":{"line":12,"column":44},"end":{"line":12,"column":47}},"loc":{"start":{"line":12,"column":49},"end":{"line":117,"column":1}}},"1":{"name":"(anonymous_2)","decl":{"start":{"line":30,"column":26},"end":{"line":30,"column":27}},"loc":{"start":{"line":30,"column":47},"end":{"line":33,"column":3}}},"2":{"name":"(anonymous_3)","decl":{"start":{"line":35,"column":27},"end":{"line":35,"column":30}},"loc":{"start":{"line":35,"column":32},"end":{"line":38,"column":3}}},"3":{"name":"(anonymous_4)","decl":{"start":{"line":42,"column":12},"end":{"line":42,"column":15}},"loc":{"start":{"line":42,"column":17},"end":{"line":44,"column":3}}},"4":{"name":"(anonymous_5)","decl":{"start":{"line":46,"column":12},"end":{"line":46,"column":15}},"loc":{"start":{"line":46,"column":17},"end":{"line":73,"column":3}}},"5":{"name":"(anonymous_6)","decl":{"start":{"line":47,"column":27},"end":{"line":47,"column":28}},"loc":{"start":{"line":47,"column":68},"end":{"line":53,"column":5}}},"6":{"name":"(anonymous_7)","decl":{"start":{"line":68,"column":11},"end":{"line":68,"column":14}},"loc":{"start":{"line":68,"column":16},"end":{"line":72,"column":5}}},"7":{"name":"(anonymous_8)","decl":{"start":{"line":79,"column":26},"end":{"line":79,"column":27}},"loc":{"start":{"line":80,"column":10},"end":{"line":80,"column":null}}},"8":{"name":"(anonymous_9)","decl":{"start":{"line":85,"column":25},"end":{"line":85,"column":28}},"loc":{"start":{"line":85,"column":31},"end":{"line":85,"column":52}}},"9":{"name":"(anonymous_10)","decl":{"start":{"line":95,"column":25},"end":{"line":95,"column":28}},"loc":{"start":{"line":95,"column":31},"end":{"line":95,"column":60}}}},"branchMap":{"0":{"loc":{"start":{"line":49,"column":6},"end":{"line":52,"column":7}},"type":"if","locations":[{"start":{"line":49,"column":6},"end":{"line":52,"column":7}}]},"1":{"loc":{"start":{"line":49,"column":10},"end":{"line":49,"column":64}},"type":"binary-expr","locations":[{"start":{"line":49,"column":10},"end":{"line":49,"column":31}},{"start":{"line":49,"column":35},"end":{"line":49,"column":43}},{"start":{"line":49,"column":47},"end":{"line":49,"column":64}}]},"2":{"loc":{"start":{"line":64,"column":4},"end":{"line":66,"column":5}},"type":"if","locations":[{"start":{"line":64,"column":4},"end":{"line":66,"column":5}}]},"3":{"loc":{"start":{"line":69,"column":6},"end":{"line":71,"column":7}},"type":"if","locations":[{"start":{"line":69,"column":6},"end":{"line":71,"column":7}}]},"4":{"loc":{"start":{"line":108,"column":7},"end":{"line":111,"column":null}},"type":"binary-expr","locations":[{"start":{"line":108,"column":7},"end":{"line":108,"column":14}},{"start":{"line":108,"column":18},"end":{"line":108,"column":29}},{"start":{"line":109,"column":8},"end":{"line":110,"column":null}}]},"5":{"loc":{"start":{"line":113,"column":7},"end":{"line":113,"column":63}},"type":"binary-expr","locations":[{"start":{"line":113,"column":7},"end":{"line":113,"column":14}},{"start":{"line":113,"column":18},"end":{"line":113,"column":63}}]}},"s":{"0":1,"1":1,"2":1,"3":1,"4":1,"5":1,"6":1,"7":1,"8":1,"9":1,"10":8,"11":8,"12":8,"13":8,"14":2,"15":2,"16":8,"17":1,"18":1,"19":8,"20":8,"21":5,"22":8,"23":5,"24":5,"25":5,"26":4,"27":4,"28":5,"29":5,"30":5,"31":5,"32":5,"33":5,"34":5,"35":5,"36":8,"37":16,"38":2,"39":1,"40":1},"f":{"0":8,"1":2,"2":1,"3":5,"4":5,"5":5,"6":5,"7":16,"8":2,"9":1},"b":{"0":[4],"1":[5,5,4],"2":[5],"3":[5],"4":[8,2,2],"5":[8,1]}}
,"C:\\Users\\melis\\Desktop\\vkTest\\src\\components\\repositoryCard\\RepositoryCard.tsx": {"path":"C:\\Users\\melis\\Desktop\\vkTest\\src\\components\\repositoryCard\\RepositoryCard.tsx","statementMap":{"0":{"start":{"line":1,"column":0},"end":{"line":1,"column":43}},"1":{"start":{"line":2,"column":0},"end":{"line":2,"column":48}},"2":{"start":{"line":4,"column":0},"end":{"line":4,"column":49}},"3":{"start":{"line":6,"column":29},"end":{"line":6,"column":39}},"4":{"start":{"line":12,"column":13},"end":{"line":79,"column":2}},"5":{"start":{"line":23,"column":8},"end":{"line":23,"column":12}},"6":{"start":{"line":24,"column":24},"end":{"line":24,"column":44}},"7":{"start":{"line":25,"column":24},"end":{"line":25,"column":44}},"8":{"start":{"line":27,"column":33},"end":{"line":31,"column":6}},"9":{"start":{"line":32,"column":33},"end":{"line":36,"column":6}},"10":{"start":{"line":38,"column":4},"end":{"line":77,"column":6}}},"fnMap":{"0":{"name":"(anonymous_1)","decl":{"start":{"line":13,"column":2},"end":{"line":13,"column":3}},"loc":{"start":{"line":13,"column":15},"end":{"line":78,"column":3}}}},"branchMap":{"0":{"loc":{"start":{"line":56,"column":17},"end":{"line":56,"column":46}},"type":"binary-expr","locations":[{"start":{"line":56,"column":17},"end":{"line":56,"column":28}},{"start":{"line":56,"column":32},"end":{"line":56,"column":46}}]}},"s":{"0":2,"1":2,"2":2,"3":2,"4":2,"5":12,"6":12,"7":12,"8":12,"9":12,"10":12},"f":{"0":12},"b":{"0":[12,1]}}
,"C:\\Users\\melis\\Desktop\\vkTest\\src\\store\\repositoryStore.tsx": {"path":"C:\\Users\\melis\\Desktop\\vkTest\\src\\store\\repositoryStore.tsx","statementMap":{"0":{"start":{"line":1,"column":0},"end":{"line":1,"column":55}},"1":{"start":{"line":3,"column":0},"end":{"line":3,"column":59}},"2":{"start":{"line":6,"column":2},"end":{"line":6,"column":null}},"3":{"start":{"line":7,"column":2},"end":{"line":7,"column":null}},"4":{"start":{"line":8,"column":2},"end":{"line":8,"column":null}},"5":{"start":{"line":9,"column":2},"end":{"line":9,"column":null}},"6":{"start":{"line":10,"column":2},"end":{"line":10,"column":null}},"7":{"start":{"line":11,"column":2},"end":{"line":11,"column":null}},"8":{"start":{"line":12,"column":2},"end":{"line":12,"column":null}},"9":{"start":{"line":18,"column":2},"end":{"line":40,"column":null}},"10":{"start":{"line":19,"column":4},"end":{"line":19,"column":24}},"11":{"start":{"line":20,"column":4},"end":{"line":20,"column":20}},"12":{"start":{"line":22,"column":4},"end":{"line":39,"column":5}},"13":{"start":{"line":23,"column":6},"end":{"line":25,"column":7}},"14":{"start":{"line":24,"column":8},"end":{"line":24,"column":31}},"15":{"start":{"line":26,"column":19},"end":{"line":26,"column":78}},"16":{"start":{"line":28,"column":6},"end":{"line":32,"column":9}},"17":{"start":{"line":29,"column":8},"end":{"line":29,"column":46}},"18":{"start":{"line":30,"column":8},"end":{"line":30,"column":43}},"19":{"start":{"line":31,"column":8},"end":{"line":31,"column":29}},"20":{"start":{"line":34,"column":6},"end":{"line":34,"column":27}},"21":{"start":{"line":35,"column":6},"end":{"line":35,"column":64}},"22":{"start":{"line":36,"column":6},"end":{"line":38,"column":9}},"23":{"start":{"line":37,"column":8},"end":{"line":37,"column":54}},"24":{"start":{"line":42,"column":2},"end":{"line":44,"column":null}},"25":{"start":{"line":43,"column":4},"end":{"line":43,"column":21}},"26":{"start":{"line":46,"column":2},"end":{"line":48,"column":null}},"27":{"start":{"line":47,"column":4},"end":{"line":47,"column":25}},"28":{"start":{"line":50,"column":2},"end":{"line":52,"column":null}},"29":{"start":{"line":51,"column":4},"end":{"line":51,"column":23}},"30":{"start":{"line":54,"column":2},"end":{"line":56,"column":null}},"31":{"start":{"line":55,"column":4},"end":{"line":55,"column":79}},"32":{"start":{"line":55,"column":59},"end":{"line":55,"column":77}},"33":{"start":{"line":58,"column":2},"end":{"line":65,"column":null}},"34":{"start":{"line":59,"column":18},"end":{"line":60,"column":null}},"35":{"start":{"line":60,"column":16},"end":{"line":60,"column":42}},"36":{"start":{"line":62,"column":4},"end":{"line":64,"column":5}},"37":{"start":{"line":63,"column":6},"end":{"line":63,"column":45}},"38":{"start":{"line":15,"column":4},"end":{"line":15,"column":29}},"39":{"start":{"line":68,"column":0},"end":{"line":68,"column":37}}},"fnMap":{"0":{"name":"(anonymous_0)","decl":{"start":{"line":14,"column":2},"end":{"line":14,"column":null}},"loc":{"start":{"line":14,"column":2},"end":{"line":16,"column":3}}},"1":{"name":"(anonymous_1)","decl":{"start":{"line":18,"column":20},"end":{"line":18,"column":25}},"loc":{"start":{"line":18,"column":31},"end":{"line":40,"column":3}}},"2":{"name":"(anonymous_2)","decl":{"start":{"line":28,"column":18},"end":{"line":28,"column":21}},"loc":{"start":{"line":28,"column":23},"end":{"line":32,"column":7}}},"3":{"name":"(anonymous_3)","decl":{"start":{"line":36,"column":18},"end":{"line":36,"column":21}},"loc":{"start":{"line":36,"column":23},"end":{"line":38,"column":7}}},"4":{"name":"(anonymous_4)","decl":{"start":{"line":42,"column":12},"end":{"line":42,"column":13}},"loc":{"start":{"line":42,"column":29},"end":{"line":44,"column":3}}},"5":{"name":"(anonymous_5)","decl":{"start":{"line":46,"column":14},"end":{"line":46,"column":15}},"loc":{"start":{"line":46,"column":33},"end":{"line":48,"column":3}}},"6":{"name":"(anonymous_6)","decl":{"start":{"line":50,"column":13},"end":{"line":50,"column":14}},"loc":{"start":{"line":50,"column":31},"end":{"line":52,"column":3}}},"7":{"name":"(anonymous_7)","decl":{"start":{"line":54,"column":25},"end":{"line":54,"column":26}},"loc":{"start":{"line":54,"column":44},"end":{"line":56,"column":3}}},"8":{"name":"(anonymous_8)","decl":{"start":{"line":55,"column":49},"end":{"line":55,"column":50}},"loc":{"start":{"line":55,"column":59},"end":{"line":55,"column":77}}},"9":{"name":"(anonymous_9)","decl":{"start":{"line":58,"column":19},"end":{"line":58,"column":20}},"loc":{"start":{"line":58,"column":47},"end":{"line":65,"column":3}}},"10":{"name":"(anonymous_10)","decl":{"start":{"line":60,"column":6},"end":{"line":60,"column":7}},"loc":{"start":{"line":60,"column":16},"end":{"line":60,"column":42}}}},"branchMap":{"0":{"loc":{"start":{"line":23,"column":6},"end":{"line":25,"column":7}},"type":"if","locations":[{"start":{"line":23,"column":6},"end":{"line":25,"column":7}}]},"1":{"loc":{"start":{"line":62,"column":4},"end":{"line":64,"column":5}},"type":"if","locations":[{"start":{"line":62,"column":4},"end":{"line":64,"column":5}}]}},"s":{"0":0,"1":0,"2":0,"3":0,"4":0,"5":0,"6":0,"7":0,"8":0,"9":0,"10":0,"11":0,"12":0,"13":0,"14":0,"15":0,"16":0,"17":0,"18":0,"19":0,"20":0,"21":0,"22":0,"23":0,"24":0,"25":0,"26":0,"27":0,"28":0,"29":0,"30":0,"31":0,"32":0,"33":0,"34":0,"35":0,"36":0,"37":0,"38":0,"39":0},"f":{"0":0,"1":0,"2":0,"3":0,"4":0,"5":0,"6":0,"7":0,"8":0,"9":0,"10":0},"b":{"0":[0],"1":[0]}}
,"C:\\Users\\melis\\Desktop\\vkTest\\src\\store\\rootStore.tsx": {"path":"C:\\Users\\melis\\Desktop\\vkTest\\src\\store\\rootStore.tsx","statementMap":{"0":{"start":{"line":1,"column":0},"end":{"line":1,"column":48}},"1":{"start":{"line":4,"column":2},"end":{"line":4,"column":null}},"2":{"start":{"line":7,"column":0},"end":{"line":7,"column":25}}},"fnMap":{"0":{"name":"(anonymous_1)","decl":{"start":{"line":3,"column":0},"end":{"line":3,"column":6}},"loc":{"start":{"line":3,"column":0},"end":{"line":5,"column":1}}}},"branchMap":{},"s":{"0":0,"1":0,"2":0},"f":{"0":0},"b":{}}
,"C:\\Users\\melis\\Desktop\\vkTest\\src\\store\\rootStoreContext.tsx": {"path":"C:\\Users\\melis\\Desktop\\vkTest\\src\\store\\rootStoreContext.tsx","statementMap":{"0":{"start":{"line":1,"column":0},"end":{"line":1,"column":50}},"1":{"start":{"line":4,"column":13},"end":{"line":4,"column":70}},"2":{"start":{"line":6,"column":25},"end":{"line":13,"column":1}},"3":{"start":{"line":7,"column":18},"end":{"line":7,"column":46}},"4":{"start":{"line":9,"column":2},"end":{"line":11,"column":3}},"5":{"start":{"line":10,"column":4},"end":{"line":10,"column":24}},"6":{"start":{"line":12,"column":2},"end":{"line":12,"column":17}},"7":{"start":{"line":6,"column":13},"end":{"line":6,"column":25}}},"fnMap":{"0":{"name":"(anonymous_0)","decl":{"start":{"line":6,"column":25},"end":{"line":6,"column":28}},"loc":{"start":{"line":6,"column":30},"end":{"line":13,"column":1}}}},"branchMap":{"0":{"loc":{"start":{"line":9,"column":2},"end":{"line":11,"column":3}},"type":"if","locations":[{"start":{"line":9,"column":2},"end":{"line":11,"column":3}}]}},"s":{"0":0,"1":0,"2":0,"3":0,"4":0,"5":0,"6":0,"7":0},"f":{"0":0},"b":{"0":[0]}}
}
