TN:
SF:src\main.tsx
FNF:0
FNH:0
DA:1,0
DA:2,0
DA:3,0
DA:4,0
DA:6,0
LF:5
LH:0
BRF:0
BRH:0
end_of_record
TN:
SF:src\vite-env.d.ts
FNF:0
FNH:0
LF:0
LH:0
BRF:0
BRH:0
end_of_record
TN:
SF:src\components\app\App.tsx
FN:6,(anonymous_1)
FNF:1
FNH:0
FNDA:0,(anonymous_1)
DA:1,0
DA:2,0
DA:3,0
DA:4,0
DA:6,0
DA:7,0
DA:16,0
LF:7
LH:0
BRF:0
BRH:0
end_of_record
TN:
SF:src\components\filterSelect\FilterSelect.tsx
FN:5,(anonymous_1)
FN:10,(anonymous_2)
FN:22,(anonymous_3)
FNF:3
FNH:1
FNDA:8,(anonymous_1)
FNDA:0,(anonymous_2)
FNDA:0,(anonymous_3)
DA:1,1
DA:2,1
DA:3,1
DA:5,1
DA:8,8
DA:10,8
DA:11,0
DA:12,0
DA:13,0
DA:14,0
DA:17,8
DA:22,0
LF:12
LH:7
BRF:0
BRH:0
end_of_record
TN:
SF:src\components\modal\Modal.tsx
FN:12,(anonymous_1)
FNF:1
FNH:0
FNDA:0,(anonymous_1)
DA:1,0
DA:2,0
DA:3,0
DA:10,0
DA:12,0
DA:13,0
LF:6
LH:0
BRF:0
BRH:0
end_of_record
TN:
SF:src\components\repoForm\RepoForm.tsx
FN:12,(anonymous_1)
FN:19,(anonymous_2)
FNF:2
FNH:1
FNDA:2,(anonymous_1)
FNDA:0,(anonymous_2)
DA:1,1
DA:2,1
DA:3,1
DA:5,1
DA:11,1
DA:15,2
DA:17,2
DA:19,2
DA:24,0
DA:25,0
DA:28,2
LF:11
LH:9
BRF:0
BRH:0
end_of_record
TN:
SF:src\components\reposList\RepositoriesList.tsx
FN:12,(anonymous_1)
FN:30,(anonymous_2)
FN:35,(anonymous_3)
FN:42,(anonymous_4)
FN:46,(anonymous_5)
FN:47,(anonymous_6)
FN:68,(anonymous_7)
FN:79,(anonymous_8)
FN:85,(anonymous_9)
FN:95,(anonymous_10)
FNF:10
FNH:10
FNDA:8,(anonymous_1)
FNDA:2,(anonymous_2)
FNDA:1,(anonymous_3)
FNDA:5,(anonymous_4)
FNDA:5,(anonymous_5)
FNDA:5,(anonymous_6)
FNDA:5,(anonymous_7)
FNDA:16,(anonymous_8)
FNDA:2,(anonymous_9)
FNDA:1,(anonymous_10)
DA:1,1
DA:2,1
DA:3,1
DA:4,1
DA:5,1
DA:6,1
DA:8,1
DA:9,1
DA:10,1
DA:12,1
DA:25,8
DA:27,8
DA:28,8
DA:30,8
DA:31,2
DA:32,2
DA:35,8
DA:36,1
DA:37,1
DA:40,8
DA:42,8
DA:43,5
DA:46,8
DA:47,5
DA:48,5
DA:49,5
DA:50,4
DA:51,4
DA:55,5
DA:61,5
DA:62,5
DA:64,5
DA:65,5
DA:68,5
DA:69,5
DA:70,5
DA:75,8
DA:80,16
DA:85,2
DA:95,1
DA:119,1
LF:41
LH:41
BRDA:49,0,0,4
BRDA:49,1,0,5
BRDA:49,1,1,5
BRDA:49,1,2,4
BRDA:64,2,0,5
BRDA:69,3,0,5
BRDA:108,4,0,8
BRDA:108,4,1,2
BRDA:108,4,2,2
BRDA:113,5,0,8
BRDA:113,5,1,1
BRF:11
BRH:11
end_of_record
TN:
SF:src\components\repositoryCard\RepositoryCard.tsx
FN:13,(anonymous_1)
FNF:1
FNH:1
FNDA:12,(anonymous_1)
DA:1,2
DA:2,2
DA:4,2
DA:6,2
DA:12,2
DA:23,12
DA:24,12
DA:25,12
DA:27,12
DA:32,12
DA:38,12
LF:11
LH:11
BRDA:56,0,0,12
BRDA:56,0,1,1
BRF:2
BRH:2
end_of_record
TN:
SF:src\store\repositoryStore.tsx
FN:14,(anonymous_0)
FN:18,(anonymous_1)
FN:28,(anonymous_2)
FN:36,(anonymous_3)
FN:42,(anonymous_4)
FN:46,(anonymous_5)
FN:50,(anonymous_6)
FN:54,(anonymous_7)
FN:55,(anonymous_8)
FN:58,(anonymous_9)
FN:60,(anonymous_10)
FNF:11
FNH:0
FNDA:0,(anonymous_0)
FNDA:0,(anonymous_1)
FNDA:0,(anonymous_2)
FNDA:0,(anonymous_3)
FNDA:0,(anonymous_4)
FNDA:0,(anonymous_5)
FNDA:0,(anonymous_6)
FNDA:0,(anonymous_7)
FNDA:0,(anonymous_8)
FNDA:0,(anonymous_9)
FNDA:0,(anonymous_10)
DA:1,0
DA:3,0
DA:6,0
DA:7,0
DA:8,0
DA:9,0
DA:10,0
DA:11,0
DA:12,0
DA:15,0
DA:18,0
DA:19,0
DA:20,0
DA:22,0
DA:23,0
DA:24,0
DA:26,0
DA:28,0
DA:29,0
DA:30,0
DA:31,0
DA:34,0
DA:35,0
DA:36,0
DA:37,0
DA:42,0
DA:43,0
DA:46,0
DA:47,0
DA:50,0
DA:51,0
DA:54,0
DA:55,0
DA:58,0
DA:59,0
DA:60,0
DA:62,0
DA:63,0
DA:68,0
LF:39
LH:0
BRDA:23,0,0,0
BRDA:62,1,0,0
BRF:2
BRH:0
end_of_record
TN:
SF:src\store\rootStore.tsx
FN:3,(anonymous_1)
FNF:1
FNH:0
FNDA:0,(anonymous_1)
DA:1,0
DA:4,0
DA:7,0
LF:3
LH:0
BRF:0
BRH:0
end_of_record
TN:
SF:src\store\rootStoreContext.tsx
FN:6,(anonymous_0)
FNF:1
FNH:0
FNDA:0,(anonymous_0)
DA:1,0
DA:4,0
DA:6,0
DA:7,0
DA:9,0
DA:10,0
DA:12,0
LF:7
LH:0
BRDA:9,0,0,0
BRF:1
BRH:0
end_of_record
